# JRE version: Java(TM) SE Runtime Environment (11.0.2+9) (build 11.0.2+9-LTS)
# Java VM: Java HotSpot(TM) 64-Bit Server VM (11.0.2+9-LTS, mixed mode, tiered, compressed oops, serial gc, linux-amd64)
Heap:
 def new generation   total 145280K, used 0K [0x00000000c2400000, 0x00000000cc1a0000, 0x00000000d6d50000)
  eden space 129152K,   0% used [0x00000000c2400000, 0x00000000c2400000, 0x00000000ca220000)
  from space 16128K,   0% used [0x00000000ca220000, 0x00000000ca220000, 0x00000000cb1e0000)
  to   space 16128K,   0% used [0x00000000cb1e0000, 0x00000000cb1e0000, 0x00000000cc1a0000)
 tenured generation   total 326244K, used 265073K [0x00000000d6d50000, 0x00000000eabe9000, 0x0000000100000000)
   the space 326244K,  81% used [0x00000000d6d50000, 0x00000000e702c690, 0x00000000e702c800, 0x00000000eabe9000)
 Metaspace       used 29685K, capacity 30862K, committed 31104K, reserved 1077248K
  class space    used 3509K, capacity 3965K, committed 3968K, reserved 1048576K
GC Heap History (10 events):
Event: 32.372 GC heap after
{Heap after GC invocations=10 (full 3):
 def new generation   total 76480K, used 8447K [0x00000000c2400000, 0x00000000c76f0000, 0x00000000d6d50000)
  eden space 68032K,   0% used [0x00000000c2400000, 0x00000000c2400000, 0x00000000c6670000)
  from space 8448K,  99% used [0x00000000c6eb0000, 0x00000000c76efff8, 0x00000000c76f0000)
  to   space 8448K,   0% used [0x00000000c6670000, 0x00000000c6670000, 0x00000000c6eb0000)
 tenured generation   total 169752K, used 149176K [0x00000000d6d50000, 0x00000000e1316000, 0x0000000100000000)
   the space 169752K,  87% used [0x00000000d6d50000, 0x00000000dfefe150, 0x00000000dfefe200, 0x00000000e1316000)
 Metaspace       used 26396K, capacity 27392K, committed 27520K, reserved 1073152K
  class space    used 3269K, capacity 3657K, committed 3712K, reserved 1048576K
}
Event: 39.398 GC heap before
{Heap before GC invocations=10 (full 3):
 def new generation   total 76480K, used 74385K [0x00000000c2400000, 0x00000000c76f0000, 0x00000000d6d50000)
  eden space 68032K,  96% used [0x00000000c2400000, 0x00000000c6464648, 0x00000000c6670000)
  from space 8448K,  99% used [0x00000000c6eb0000, 0x00000000c76efff8, 0x00000000c76f0000)
  to   space 8448K,   0% used [0x00000000c6670000, 0x00000000c6670000, 0x00000000c6eb0000)
 tenured generation   total 169752K, used 149176K [0x00000000d6d50000, 0x00000000e1316000, 0x0000000100000000)
   the space 169752K,  87% used [0x00000000d6d50000, 0x00000000dfefe150, 0x00000000dfefe200, 0x00000000e1316000)
 Metaspace       used 27604K, capacity 28707K, committed 29056K, reserved 1075200K
  class space    used 3425K, capacity 3886K, committed 3968K, reserved 1048576K
}
Event: 39.719 GC heap after
{Heap after GC invocations=11 (full 4):
 def new generation   total 145280K, used 0K [0x00000000c2400000, 0x00000000cc1a0000, 0x00000000d6d50000)
  eden space 129152K,   0% used [0x00000000c2400000, 0x00000000c2400000, 0x00000000ca220000)
  from space 16128K,   0% used [0x00000000ca220000, 0x00000000ca220000, 0x00000000cb1e0000)
  to   space 16128K,   0% used [0x00000000cb1e0000, 0x00000000cb1e0000, 0x00000000cc1a0000)
 tenured generation   total 322660K, used 193594K [0x00000000d6d50000, 0x00000000ea869000, 0x0000000100000000)
   the space 322660K,  59% used [0x00000000d6d50000, 0x00000000e2a5e908, 0x00000000e2a5ea00, 0x00000000ea869000)
 Metaspace       used 27604K, capacity 28707K, committed 29056K, reserved 1075200K
  class space    used 3425K, capacity 3886K, committed 3968K, reserved 1048576K
}
Event: 93.309 GC heap before
{Heap before GC invocations=11 (full 4):
 def new generation   total 145280K, used 129152K [0x00000000c2400000, 0x00000000cc1a0000, 0x00000000d6d50000)
  eden space 129152K, 100% used [0x00000000c2400000, 0x00000000ca220000, 0x00000000ca220000)
  from space 16128K,   0% used [0x00000000ca220000, 0x00000000ca220000, 0x00000000cb1e0000)
  to   space 16128K,   0% used [0x00000000cb1e0000, 0x00000000cb1e0000, 0x00000000cc1a0000)
 tenured generation   total 322660K, used 193594K [0x00000000d6d50000, 0x00000000ea869000, 0x0000000100000000)
   the space 322660K,  59% used [0x00000000d6d50000, 0x00000000e2a5e908, 0x00000000e2a5ea00, 0x00000000ea869000)
 Metaspace       used 28777K, capacity 29872K, committed 30080K, reserved 1075200K
  class space    used 3489K, capacity 3945K, committed 3968K, reserved 1048576K
}
Event: 93.359 GC heap after
{Heap after GC invocations=12 (full 4):
 def new generation   total 145280K, used 16127K [0x00000000c2400000, 0x00000000cc1a0000, 0x00000000d6d50000)
  eden space 129152K,   0% used [0x00000000c2400000, 0x00000000c2400000, 0x00000000ca220000)
  from space 16128K,  99% used [0x00000000cb1e0000, 0x00000000cc19fff8, 0x00000000cc1a0000)
  to   space 16128K,   0% used [0x00000000ca220000, 0x00000000ca220000, 0x00000000cb1e0000)
 tenured generation   total 322660K, used 242025K [0x00000000d6d50000, 0x00000000ea869000, 0x0000000100000000)
   the space 322660K,  75% used [0x00000000d6d50000, 0x00000000e59aa7e8, 0x00000000e59aa800, 0x00000000ea869000)
 Metaspace       used 28777K, capacity 29872K, committed 30080K, reserved 1075200K
  class space    used 3489K, capacity 3945K, committed 3968K, reserved 1048576K
}
Event: 256.147 GC heap before
{Heap before GC invocations=12 (full 4):
 def new generation   total 145280K, used 145279K [0x00000000c2400000, 0x00000000cc1a0000, 0x00000000d6d50000)
  eden space 129152K, 100% used [0x00000000c2400000, 0x00000000ca220000, 0x00000000ca220000)
  from space 16128K,  99% used [0x00000000cb1e0000, 0x00000000cc19fff8, 0x00000000cc1a0000)
  to   space 16128K,   0% used [0x00000000ca220000, 0x00000000ca220000, 0x00000000cb1e0000)
 tenured generation   total 322660K, used 242025K [0x00000000d6d50000, 0x00000000ea869000, 0x0000000100000000)
   the space 322660K,  75% used [0x00000000d6d50000, 0x00000000e59aa7e8, 0x00000000e59aa800, 0x00000000ea869000)
 Metaspace       used 29332K, capacity 30494K, committed 30592K, reserved 1075200K
  class space    used 3504K, capacity 3960K, committed 3968K, reserved 1048576K
}
Event: 256.201 GC heap after
{Heap after GC invocations=13 (full 4):
 def new generation   total 145280K, used 16128K [0x00000000c2400000, 0x00000000cc1a0000, 0x00000000d6d50000)
  eden space 129152K,   0% used [0x00000000c2400000, 0x00000000c2400000, 0x00000000ca220000)
  from space 16128K, 100% used [0x00000000ca220000, 0x00000000cb1e0000, 0x00000000cb1e0000)
  to   space 16128K,   0% used [0x00000000cb1e0000, 0x00000000cb1e0000, 0x00000000cc1a0000)
 tenured generation   total 322660K, used 274132K [0x00000000d6d50000, 0x00000000ea869000, 0x0000000100000000)
   the space 322660K,  84% used [0x00000000d6d50000, 0x00000000e79051c0, 0x00000000e7905200, 0x00000000ea869000)
 Metaspace       used 29332K, capacity 30494K, committed 30592K, reserved 1075200K
  class space    used 3504K, capacity 3960K, committed 3968K, reserved 1048576K
}
Event: 393.738 GC heap before
{Heap before GC invocations=13 (full 4):
 def new generation   total 145280K, used 145280K [0x00000000c2400000, 0x00000000cc1a0000, 0x00000000d6d50000)
  eden space 129152K, 100% used [0x00000000c2400000, 0x00000000ca220000, 0x00000000ca220000)
  from space 16128K, 100% used [0x00000000ca220000, 0x00000000cb1e0000, 0x00000000cb1e0000)
  to   space 16128K,   0% used [0x00000000cb1e0000, 0x00000000cb1e0000, 0x00000000cc1a0000)
 tenured generation   total 322660K, used 274132K [0x00000000d6d50000, 0x00000000ea869000, 0x0000000100000000)
   the space 322660K,  84% used [0x00000000d6d50000, 0x00000000e79051c0, 0x00000000e7905200, 0x00000000ea869000)
 Metaspace       used 29596K, capacity 30729K, committed 30848K, reserved 1077248K
  class space    used 3509K, capacity 3965K, committed 3968K, reserved 1048576K
}
Event: 393.756 GC heap after
{Heap after GC invocations=14 (full 4):
 def new generation   total 145280K, used 16127K [0x00000000c2400000, 0x00000000cc1a0000, 0x00000000d6d50000)
  eden space 129152K,   0% used [0x00000000c2400000, 0x00000000c2400000, 0x00000000ca220000)
  from space 16128K,  99% used [0x00000000cb1e0000, 0x00000000cc19fff8, 0x00000000cc1a0000)
  to   space 16128K,   0% used [0x00000000ca220000, 0x00000000ca220000, 0x00000000cb1e0000)
 tenured generation   total 322660K, used 300223K [0x00000000d6d50000, 0x00000000ea869000, 0x0000000100000000)
   the space 322660K,  93% used [0x00000000d6d50000, 0x00000000e927fe00, 0x00000000e927fe00, 0x00000000ea869000)
 Metaspace       used 29596K, capacity 30729K, committed 30848K, reserved 1077248K
  class space    used 3509K, capacity 3965K, committed 3968K, reserved 1048576K
}
Event: 515.616 GC heap before
{Heap before GC invocations=14 (full 4):
 def new generation   total 145280K, used 145279K [0x00000000c2400000, 0x00000000cc1a0000, 0x00000000d6d50000)
  eden space 129152K, 100% used [0x00000000c2400000, 0x00000000ca220000, 0x00000000ca220000)
  from space 16128K,  99% used [0x00000000cb1e0000, 0x00000000cc19fff8, 0x00000000cc1a0000)
  to   space 16128K,   0% used [0x00000000ca220000, 0x00000000ca220000, 0x00000000cb1e0000)
 tenured generation   total 322660K, used 300223K [0x00000000d6d50000, 0x00000000ea869000, 0x0000000100000000)
   the space 322660K,  93% used [0x00000000d6d50000, 0x00000000e927fe00, 0x00000000e927fe00, 0x00000000ea869000)
 Metaspace       used 29685K, capacity 30862K, committed 31104K, reserved 1077248K
  class space    used 3509K, capacity 3965K, committed 3968K, reserved 1048576K
}

