# JRE version: Java(TM) SE Runtime Environment (11.0.2+9) (build 11.0.2+9-LTS)
# Java VM: Java HotSpot(TM) 64-Bit Server VM (11.0.2+9-LTS, mixed mode, tiered, compressed oops, serial gc, linux-amd64)
Heap:
 def new generation   total 144448K, used 0K [0x00000000c2400000, 0x00000000cc0b0000, 0x00000000d6d50000)
  eden space 128448K,   0% used [0x00000000c2400000, 0x00000000c2400000, 0x00000000ca170000)
  from space 16000K,   0% used [0x00000000cb110000, 0x00000000cb110000, 0x00000000cc0b0000)
  to   space 16000K,   0% used [0x00000000ca170000, 0x00000000ca170000, 0x00000000cb110000)
 tenured generation   total 320796K, used 253541K [0x00000000d6d50000, 0x00000000ea697000, 0x0000000100000000)
   the space 320796K,  79% used [0x00000000d6d50000, 0x00000000e64e96e8, 0x00000000e64e9800, 0x00000000ea697000)
 Metaspace       used 30279K, capacity 31589K, committed 31872K, reserved 1077248K
  class space    used 3665K, capacity 4180K, committed 4224K, reserved 1048576K
GC Heap History (10 events):
Event: 45.079 GC heap after
{Heap after GC invocations=10 (full 3):
 def new generation   total 76800K, used 8512K [0x00000000c2400000, 0x00000000c7750000, 0x00000000d6d50000)
  eden space 68288K,   0% used [0x00000000c2400000, 0x00000000c2400000, 0x00000000c66b0000)
  from space 8512K, 100% used [0x00000000c6f00000, 0x00000000c7750000, 0x00000000c7750000)
  to   space 8512K,   0% used [0x00000000c66b0000, 0x00000000c66b0000, 0x00000000c6f00000)
 tenured generation   total 170448K, used 149351K [0x00000000d6d50000, 0x00000000e13c4000, 0x0000000100000000)
   the space 170448K,  87% used [0x00000000d6d50000, 0x00000000dff29d98, 0x00000000dff29e00, 0x00000000e13c4000)
 Metaspace       used 27003K, capacity 28032K, committed 28160K, reserved 1073152K
  class space    used 3372K, capacity 3793K, committed 3840K, reserved 1048576K
}
Event: 51.194 GC heap before
{Heap before GC invocations=10 (full 3):
 def new generation   total 76800K, used 74323K [0x00000000c2400000, 0x00000000c7750000, 0x00000000d6d50000)
  eden space 68288K,  96% used [0x00000000c2400000, 0x00000000c6444ff8, 0x00000000c66b0000)
  from space 8512K, 100% used [0x00000000c6f00000, 0x00000000c7750000, 0x00000000c7750000)
  to   space 8512K,   0% used [0x00000000c66b0000, 0x00000000c66b0000, 0x00000000c6f00000)
 tenured generation   total 170448K, used 149351K [0x00000000d6d50000, 0x00000000e13c4000, 0x0000000100000000)
   the space 170448K,  87% used [0x00000000d6d50000, 0x00000000dff29d98, 0x00000000dff29e00, 0x00000000e13c4000)
 Metaspace       used 28788K, capacity 30077K, committed 30208K, reserved 1075200K
  class space    used 3597K, capacity 4094K, committed 4096K, reserved 1048576K
}
Event: 51.450 GC heap after
{Heap after GC invocations=11 (full 4):
 def new generation   total 144448K, used 0K [0x00000000c2400000, 0x00000000cc0b0000, 0x00000000d6d50000)
  eden space 128448K,   0% used [0x00000000c2400000, 0x00000000c2400000, 0x00000000ca170000)
  from space 16000K,   0% used [0x00000000ca170000, 0x00000000ca170000, 0x00000000cb110000)
  to   space 16000K,   0% used [0x00000000cb110000, 0x00000000cb110000, 0x00000000cc0b0000)
 tenured generation   total 320796K, used 192476K [0x00000000d6d50000, 0x00000000ea697000, 0x0000000100000000)
   the space 320796K,  59% used [0x00000000d6d50000, 0x00000000e2947290, 0x00000000e2947400, 0x00000000ea697000)
 Metaspace       used 28788K, capacity 30077K, committed 30208K, reserved 1075200K
  class space    used 3597K, capacity 4094K, committed 4096K, reserved 1048576K
}
Event: 94.071 GC heap before
{Heap before GC invocations=11 (full 4):
 def new generation   total 144448K, used 128448K [0x00000000c2400000, 0x00000000cc0b0000, 0x00000000d6d50000)
  eden space 128448K, 100% used [0x00000000c2400000, 0x00000000ca170000, 0x00000000ca170000)
  from space 16000K,   0% used [0x00000000ca170000, 0x00000000ca170000, 0x00000000cb110000)
  to   space 16000K,   0% used [0x00000000cb110000, 0x00000000cb110000, 0x00000000cc0b0000)
 tenured generation   total 320796K, used 192476K [0x00000000d6d50000, 0x00000000ea697000, 0x0000000100000000)
   the space 320796K,  59% used [0x00000000d6d50000, 0x00000000e2947290, 0x00000000e2947400, 0x00000000ea697000)
 Metaspace       used 29794K, capacity 31050K, committed 31360K, reserved 1077248K
  class space    used 3656K, capacity 4176K, committed 4224K, reserved 1048576K
}
Event: 94.142 GC heap after
{Heap after GC invocations=12 (full 4):
 def new generation   total 144448K, used 16000K [0x00000000c2400000, 0x00000000cc0b0000, 0x00000000d6d50000)
  eden space 128448K,   0% used [0x00000000c2400000, 0x00000000c2400000, 0x00000000ca170000)
  from space 16000K, 100% used [0x00000000cb110000, 0x00000000cc0b0000, 0x00000000cc0b0000)
  to   space 16000K,   0% used [0x00000000ca170000, 0x00000000ca170000, 0x00000000cb110000)
 tenured generation   total 320796K, used 244017K [0x00000000d6d50000, 0x00000000ea697000, 0x0000000100000000)
   the space 320796K,  76% used [0x00000000d6d50000, 0x00000000e5b9c508, 0x00000000e5b9c600, 0x00000000ea697000)
 Metaspace       used 29794K, capacity 31050K, committed 31360K, reserved 1077248K
  class space    used 3656K, capacity 4176K, committed 4224K, reserved 1048576K
}
Event: 693.936 GC heap before
{Heap before GC invocations=12 (full 4):
 def new generation   total 144448K, used 144448K [0x00000000c2400000, 0x00000000cc0b0000, 0x00000000d6d50000)
  eden space 128448K, 100% used [0x00000000c2400000, 0x00000000ca170000, 0x00000000ca170000)
  from space 16000K, 100% used [0x00000000cb110000, 0x00000000cc0b0000, 0x00000000cc0b0000)
  to   space 16000K,   0% used [0x00000000ca170000, 0x00000000ca170000, 0x00000000cb110000)
 tenured generation   total 320796K, used 244017K [0x00000000d6d50000, 0x00000000ea697000, 0x0000000100000000)
   the space 320796K,  76% used [0x00000000d6d50000, 0x00000000e5b9c508, 0x00000000e5b9c600, 0x00000000ea697000)
 Metaspace       used 30279K, capacity 31589K, committed 31872K, reserved 1077248K
  class space    used 3665K, capacity 4180K, committed 4224K, reserved 1048576K
}
Event: 693.968 GC heap after
{Heap after GC invocations=13 (full 4):
 def new generation   total 144448K, used 16000K [0x00000000c2400000, 0x00000000cc0b0000, 0x00000000d6d50000)
  eden space 128448K,   0% used [0x00000000c2400000, 0x00000000c2400000, 0x00000000ca170000)
  from space 16000K, 100% used [0x00000000ca170000, 0x00000000cb110000, 0x00000000cb110000)
  to   space 16000K,   0% used [0x00000000cb110000, 0x00000000cb110000, 0x00000000cc0b0000)
 tenured generation   total 320796K, used 277236K [0x00000000d6d50000, 0x00000000ea697000, 0x0000000100000000)
   the space 320796K,  86% used [0x00000000d6d50000, 0x00000000e7c0d060, 0x00000000e7c0d200, 0x00000000ea697000)
 Metaspace       used 30279K, capacity 31589K, committed 31872K, reserved 1077248K
  class space    used 3665K, capacity 4180K, committed 4224K, reserved 1048576K
}
Event: 3269.039 GC heap before
{Heap before GC invocations=13 (full 4):
 def new generation   total 144448K, used 144448K [0x00000000c2400000, 0x00000000cc0b0000, 0x00000000d6d50000)
  eden space 128448K, 100% used [0x00000000c2400000, 0x00000000ca170000, 0x00000000ca170000)
  from space 16000K, 100% used [0x00000000ca170000, 0x00000000cb110000, 0x00000000cb110000)
  to   space 16000K,   0% used [0x00000000cb110000, 0x00000000cb110000, 0x00000000cc0b0000)
 tenured generation   total 320796K, used 277236K [0x00000000d6d50000, 0x00000000ea697000, 0x0000000100000000)
   the space 320796K,  86% used [0x00000000d6d50000, 0x00000000e7c0d060, 0x00000000e7c0d200, 0x00000000ea697000)
 Metaspace       used 30279K, capacity 31589K, committed 31872K, reserved 1077248K
  class space    used 3665K, capacity 4180K, committed 4224K, reserved 1048576K
}
Event: 3269.051 GC heap after
{Heap after GC invocations=14 (full 4):
 def new generation   total 144448K, used 2K [0x00000000c2400000, 0x00000000cc0b0000, 0x00000000d6d50000)
  eden space 128448K,   0% used [0x00000000c2400000, 0x00000000c2400000, 0x00000000ca170000)
  from space 16000K,   0% used [0x00000000cb110000, 0x00000000cb110810, 0x00000000cc0b0000)
  to   space 16000K,   0% used [0x00000000ca170000, 0x00000000ca170000, 0x00000000cb110000)
 tenured generation   total 320796K, used 293214K [0x00000000d6d50000, 0x00000000ea697000, 0x0000000100000000)
   the space 320796K,  91% used [0x00000000d6d50000, 0x00000000e8ba7ae0, 0x00000000e8ba7c00, 0x00000000ea697000)
 Metaspace       used 30279K, capacity 31589K, committed 31872K, reserved 1077248K
  class space    used 3665K, capacity 4180K, committed 4224K, reserved 1048576K
}
Event: 3651.600 GC heap before
{Heap before GC invocations=14 (full 4):
 def new generation   total 144448K, used 20677K [0x00000000c2400000, 0x00000000cc0b0000, 0x00000000d6d50000)
  eden space 128448K,  16% used [0x00000000c2400000, 0x00000000c3830f78, 0x00000000ca170000)
  from space 16000K,   0% used [0x00000000cb110000, 0x00000000cb110810, 0x00000000cc0b0000)
  to   space 16000K,   0% used [0x00000000ca170000, 0x00000000ca170000, 0x00000000cb110000)
 tenured generation   total 320796K, used 293214K [0x00000000d6d50000, 0x00000000ea697000, 0x0000000100000000)
   the space 320796K,  91% used [0x00000000d6d50000, 0x00000000e8ba7ae0, 0x00000000e8ba7c00, 0x00000000ea697000)
 Metaspace       used 30279K, capacity 31589K, committed 31872K, reserved 1077248K
  class space    used 3665K, capacity 4180K, committed 4224K, reserved 1048576K
}

